<testsuite errors='0' failures='0' name='cases.TestGalleryModel' tests='2' time='0' ><testcase name="testChangeImage" time="40"/><testcase name="testSetGallery" time="16"/></testsuite>