<testsuite errors='0' failures='0' name='cases.TestLocalImagesService' tests='1' time='0' ><testcase name="testLoadAndParseImages" time="11"/></testsuite>